<?xml version="1.0" encoding="UTF-8"?>
<testng-results skipped="0" failed="1" ignored="0" total="4" passed="3">
  <reporter-output>
  </reporter-output>
  <suite name="Default suite" duration-ms="33912" started-at="2018-05-18T07:14:59Z" finished-at="2018-05-18T07:15:33Z">
    <groups>
    </groups>
    <test name="Default test" duration-ms="33912" started-at="2018-05-18T07:14:59Z" finished-at="2018-05-18T07:15:33Z">
      <class name="learn.corejava.TestNGDemo">
        <test-method status="PASS" signature="beforeTest()[pri:0, instance:learn.corejava.TestNGDemo@33f88ab]" name="beforeTest" is-config="true" duration-ms="10756" started-at="2018-05-18T07:14:59Z" finished-at="2018-05-18T07:15:10Z">
          <reporter-output>
          </reporter-output>
        </test-method> <!-- beforeTest -->
        <test-method status="FAIL" signature="demoTest(java.lang.String, java.lang.String)[pri:0, instance:learn.corejava.TestNGDemo@33f88ab]" name="demoTest" duration-ms="8351" started-at="2018-05-18T07:15:10Z" data-provider="google" finished-at="2018-05-18T07:15:19Z">
          <params>
            <param index="0">
              <value>
                <![CDATA[automation]]>
              </value>
            </param>
            <param index="1">
              <value>
                <![CDATA[12,75,00,00,000]]>
              </value>
            </param>
          </params>
          <exception class="java.lang.AssertionError">
            <message>
              <![CDATA[expected [true] but found [false]]]>
            </message>
            <full-stacktrace>
              <![CDATA[java.lang.AssertionError: expected [true] but found [false]
at org.testng.Assert.fail(Assert.java:96)
at org.testng.Assert.failNotEquals(Assert.java:776)
at org.testng.Assert.assertTrue(Assert.java:44)
at org.testng.Assert.assertTrue(Assert.java:54)
at learn.corejava.TestNGDemo.demoTest(TestNGDemo.java:37)
at sun.reflect.NativeMethodAccessorImpl.invoke0(Native Method)
at sun.reflect.NativeMethodAccessorImpl.invoke(NativeMethodAccessorImpl.java:62)
at sun.reflect.DelegatingMethodAccessorImpl.invoke(DelegatingMethodAccessorImpl.java:43)
at java.lang.reflect.Method.invoke(Method.java:498)
at org.testng.internal.MethodInvocationHelper.invokeMethod(MethodInvocationHelper.java:124)
at org.testng.internal.Invoker.invokeMethod(Invoker.java:580)
at org.testng.internal.Invoker.invokeTestMethod(Invoker.java:716)
at org.testng.internal.Invoker.invokeTestMethods(Invoker.java:988)
at org.testng.internal.TestMethodWorker.invokeTestMethods(TestMethodWorker.java:125)
at org.testng.internal.TestMethodWorker.run(TestMethodWorker.java:109)
at org.testng.TestRunner.privateRun(TestRunner.java:648)
at org.testng.TestRunner.run(TestRunner.java:505)
at org.testng.SuiteRunner.runTest(SuiteRunner.java:455)
at org.testng.SuiteRunner.runSequentially(SuiteRunner.java:450)
at org.testng.SuiteRunner.privateRun(SuiteRunner.java:415)
at org.testng.SuiteRunner.run(SuiteRunner.java:364)
at org.testng.SuiteRunnerWorker.runSuite(SuiteRunnerWorker.java:52)
at org.testng.SuiteRunnerWorker.run(SuiteRunnerWorker.java:84)
at org.testng.TestNG.runSuitesSequentially(TestNG.java:1208)
at org.testng.TestNG.runSuitesLocally(TestNG.java:1137)
at org.testng.TestNG.runSuites(TestNG.java:1049)
at org.testng.TestNG.run(TestNG.java:1017)
at org.testng.remote.AbstractRemoteTestNG.run(AbstractRemoteTestNG.java:114)
at org.testng.remote.RemoteTestNG.initAndRun(RemoteTestNG.java:251)
at org.testng.remote.RemoteTestNG.main(RemoteTestNG.java:77)
]]>
            </full-stacktrace>
          </exception> <!-- java.lang.AssertionError -->
          <reporter-output>
          </reporter-output>
        </test-method> <!-- demoTest -->
        <test-method status="PASS" signature="demoTest(java.lang.String, java.lang.String)[pri:0, instance:learn.corejava.TestNGDemo@33f88ab]" name="demoTest" duration-ms="4019" started-at="2018-05-18T07:15:19Z" data-provider="google" finished-at="2018-05-18T07:15:23Z">
          <params>
            <param index="0">
              <value>
                <![CDATA[testing]]>
              </value>
            </param>
            <param index="1">
              <value>
                <![CDATA[4,62,00,00,000]]>
              </value>
            </param>
          </params>
          <reporter-output>
          </reporter-output>
        </test-method> <!-- demoTest -->
        <test-method status="PASS" signature="demoTest(java.lang.String, java.lang.String)[pri:0, instance:learn.corejava.TestNGDemo@33f88ab]" name="demoTest" duration-ms="5032" started-at="2018-05-18T07:15:23Z" data-provider="google" finished-at="2018-05-18T07:15:28Z">
          <params>
            <param index="0">
              <value>
                <![CDATA[manual testing]]>
              </value>
            </param>
            <param index="1">
              <value>
                <![CDATA[58,10,00,000]]>
              </value>
            </param>
          </params>
          <reporter-output>
          </reporter-output>
        </test-method> <!-- demoTest -->
        <test-method status="PASS" signature="demoTest(java.lang.String, java.lang.String)[pri:0, instance:learn.corejava.TestNGDemo@33f88ab]" name="demoTest" duration-ms="4718" started-at="2018-05-18T07:15:28Z" data-provider="google" finished-at="2018-05-18T07:15:33Z">
          <params>
            <param index="0">
              <value>
                <![CDATA[selenium]]>
              </value>
            </param>
            <param index="1">
              <value>
                <![CDATA[2,88,00,000]]>
              </value>
            </param>
          </params>
          <reporter-output>
          </reporter-output>
        </test-method> <!-- demoTest -->
        <test-method status="PASS" signature="afterTest()[pri:0, instance:learn.corejava.TestNGDemo@33f88ab]" name="afterTest" is-config="true" duration-ms="803" started-at="2018-05-18T07:15:33Z" finished-at="2018-05-18T07:15:33Z">
          <reporter-output>
          </reporter-output>
        </test-method> <!-- afterTest -->
      </class> <!-- learn.corejava.TestNGDemo -->
    </test> <!-- Default test -->
  </suite> <!-- Default suite -->
</testng-results>
